1580512951.494527 client started (83770): version 3.0a, socket /tmp//tmux-501/default, protocol 8
1580512951.494590 on Darwin 19.3.0 Darwin Kernel Version 19.3.0: Thu Jan  9 20:58:23 PST 2020; root:xnu-6153.81.5~1/RELEASE_X86_64; libevent 2.1.11-stable (select)
1580512951.494631 socket is /tmp//tmux-501/default
1580512951.494651 trying connect
1580512951.494737 add peer 0x104f7c000: 6 (0x0)
1580512951.496307 sending message 100 to peer 0x104f7c000 (4 bytes)
1580512951.496357 sending message 101 to peer 0x104f7c000 (16 bytes)
1580512951.496372 sending message 102 to peer 0x104f7c000 (13 bytes)
1580512951.496381 sending message 108 to peer 0x104f7c000 (38 bytes)
1580512951.496399 sending message 104 to peer 0x104f7c000 (0 bytes)
1580512951.496407 sending message 107 to peer 0x104f7c000 (4 bytes)
1580512951.496419 sending message 105 to peer 0x104f7c000 (82 bytes)
1580512951.496432 sending message 105 to peer 0x104f7c000 (20 bytes)
1580512951.496443 sending message 105 to peer 0x104f7c000 (31 bytes)
1580512951.496454 sending message 105 to peer 0x104f7c000 (15 bytes)
1580512951.496466 sending message 105 to peer 0x104f7c000 (29 bytes)
1580512951.496477 sending message 105 to peer 0x104f7c000 (33 bytes)
1580512951.496488 sending message 105 to peer 0x104f7c000 (19 bytes)
1580512951.496499 sending message 105 to peer 0x104f7c000 (42 bytes)
1580512951.496510 sending message 105 to peer 0x104f7c000 (18 bytes)
1580512951.496522 sending message 105 to peer 0x104f7c000 (47 bytes)
1580512951.496534 sending message 105 to peer 0x104f7c000 (3811 bytes)
1580512951.496556 sending message 105 to peer 0x104f7c000 (28 bytes)
1580512951.496568 sending message 105 to peer 0x104f7c000 (38 bytes)
1580512951.496579 sending message 105 to peer 0x104f7c000 (30 bytes)
1580512951.496590 sending message 105 to peer 0x104f7c000 (17 bytes)
1580512951.496601 sending message 105 to peer 0x104f7c000 (15 bytes)
1580512951.496612 sending message 105 to peer 0x104f7c000 (37 bytes)
1580512951.496623 sending message 105 to peer 0x104f7c000 (40 bytes)
1580512951.496634 sending message 105 to peer 0x104f7c000 (10 bytes)
1580512951.496645 sending message 105 to peer 0x104f7c000 (221 bytes)
1580512951.496656 sending message 105 to peer 0x104f7c000 (21 bytes)
1580512951.496667 sending message 105 to peer 0x104f7c000 (25 bytes)
1580512951.496678 sending message 105 to peer 0x104f7c000 (42 bytes)
1580512951.496689 sending message 105 to peer 0x104f7c000 (17 bytes)
1580512951.496700 sending message 105 to peer 0x104f7c000 (17 bytes)
1580512951.496711 sending message 105 to peer 0x104f7c000 (26 bytes)
1580512951.496725 sending message 105 to peer 0x104f7c000 (8 bytes)
1580512951.496736 sending message 105 to peer 0x104f7c000 (66 bytes)
1580512951.496782 sending message 105 to peer 0x104f7c000 (21 bytes)
1580512951.496800 sending message 105 to peer 0x104f7c000 (38 bytes)
1580512951.496813 sending message 105 to peer 0x104f7c000 (23 bytes)
1580512951.496826 sending message 105 to peer 0x104f7c000 (26 bytes)
1580512951.496838 sending message 105 to peer 0x104f7c000 (33 bytes)
1580512951.496849 sending message 105 to peer 0x104f7c000 (26 bytes)
1580512951.496860 sending message 105 to peer 0x104f7c000 (20 bytes)
1580512951.496871 sending message 105 to peer 0x104f7c000 (33 bytes)
1580512951.496884 sending message 105 to peer 0x104f7c000 (33 bytes)
1580512951.496896 sending message 105 to peer 0x104f7c000 (33 bytes)
1580512951.496908 sending message 105 to peer 0x104f7c000 (34 bytes)
1580512951.496918 sending message 105 to peer 0x104f7c000 (29 bytes)
1580512951.496932 sending message 105 to peer 0x104f7c000 (57 bytes)
1580512951.496945 sending message 105 to peer 0x104f7c000 (35 bytes)
1580512951.496958 sending message 105 to peer 0x104f7c000 (14 bytes)
1580512951.496972 sending message 105 to peer 0x104f7c000 (12 bytes)
1580512951.496986 sending message 105 to peer 0x104f7c000 (14 bytes)
1580512951.496998 sending message 105 to peer 0x104f7c000 (35 bytes)
1580512951.497012 sending message 105 to peer 0x104f7c000 (38 bytes)
1580512951.497024 sending message 105 to peer 0x104f7c000 (10 bytes)
1580512951.497067 sending message 105 to peer 0x104f7c000 (15 bytes)
1580512951.497076 sending message 106 to peer 0x104f7c000 (0 bytes)
1580512951.497088 sending message 200 to peer 0x104f7c000 (4 bytes)
1580512951.497096 client loop enter
1580512951.497699 peer 0x104f7c000 message 211
1580512951.497719 client_write: sessions should be nested with care, unset $TMUX to force\n
1580512951.497740 peer 0x104f7c000 message 203
1580512951.497749 client loop exit
